{"/Users/mukavait/CodeLearning/full-stack-open/osa2/notes/src/App.js": {"path":"/Users/mukavait/CodeLearning/full-stack-open/osa2/notes/src/App.js","statementMap":{"0":{"start":{"line":13,"column":15},"end":{"line":26,"column":1}},"1":{"start":{"line":14,"column":24},"end":{"line":18,"column":5}},"2":{"start":{"line":20,"column":4},"end":{"line":25,"column":5}},"3":{"start":{"line":28,"column":12},"end":{"line":160,"column":1}},"4":{"start":{"line":29,"column":30},"end":{"line":29,"column":42}},"5":{"start":{"line":30,"column":34},"end":{"line":30,"column":48}},"6":{"start":{"line":31,"column":44},"end":{"line":31,"column":58}},"7":{"start":{"line":32,"column":28},"end":{"line":32,"column":42}},"8":{"start":{"line":34,"column":24},"end":{"line":34,"column":32}},"9":{"start":{"line":36,"column":4},"end":{"line":42,"column":10}},"10":{"start":{"line":37,"column":8},"end":{"line":41,"column":14}},"11":{"start":{"line":40,"column":16},"end":{"line":40,"column":34}},"12":{"start":{"line":44,"column":4},"end":{"line":51,"column":10}},"13":{"start":{"line":45,"column":31},"end":{"line":45,"column":79}},"14":{"start":{"line":46,"column":8},"end":{"line":50,"column":9}},"15":{"start":{"line":47,"column":25},"end":{"line":47,"column":51}},"16":{"start":{"line":48,"column":12},"end":{"line":48,"column":25}},"17":{"start":{"line":49,"column":12},"end":{"line":49,"column":44}},"18":{"start":{"line":53,"column":31},"end":{"line":72,"column":5}},"19":{"start":{"line":54,"column":8},"end":{"line":54,"column":65}},"20":{"start":{"line":55,"column":21},"end":{"line":55,"column":49}},"21":{"start":{"line":55,"column":37},"end":{"line":55,"column":48}},"22":{"start":{"line":56,"column":28},"end":{"line":56,"column":67}},"23":{"start":{"line":58,"column":8},"end":{"line":71,"column":14}},"24":{"start":{"line":61,"column":16},"end":{"line":63,"column":17}},"25":{"start":{"line":62,"column":33},"end":{"line":62,"column":78}},"26":{"start":{"line":66,"column":16},"end":{"line":66,"column":92}},"27":{"start":{"line":67,"column":16},"end":{"line":69,"column":24}},"28":{"start":{"line":68,"column":20},"end":{"line":68,"column":41}},"29":{"start":{"line":70,"column":16},"end":{"line":70,"column":62}},"30":{"start":{"line":70,"column":46},"end":{"line":70,"column":60}},"31":{"start":{"line":74,"column":24},"end":{"line":76,"column":46}},"32":{"start":{"line":76,"column":31},"end":{"line":76,"column":45}},"33":{"start":{"line":78,"column":17},"end":{"line":84,"column":5}},"34":{"start":{"line":78,"column":23},"end":{"line":84,"column":5}},"35":{"start":{"line":79,"column":8},"end":{"line":83,"column":10}},"36":{"start":{"line":82,"column":36},"end":{"line":82,"column":63}},"37":{"start":{"line":86,"column":23},"end":{"line":93,"column":5}},"38":{"start":{"line":87,"column":8},"end":{"line":87,"column":46}},"39":{"start":{"line":88,"column":8},"end":{"line":92,"column":14}},"40":{"start":{"line":91,"column":16},"end":{"line":91,"column":51}},"41":{"start":{"line":95,"column":25},"end":{"line":98,"column":5}},"42":{"start":{"line":96,"column":8},"end":{"line":96,"column":59}},"43":{"start":{"line":97,"column":8},"end":{"line":97,"column":21}},"44":{"start":{"line":100,"column":24},"end":{"line":116,"column":5}},"45":{"start":{"line":101,"column":8},"end":{"line":115,"column":9}},"46":{"start":{"line":102,"column":25},"end":{"line":104,"column":14}},"47":{"start":{"line":105,"column":12},"end":{"line":107,"column":13}},"48":{"start":{"line":108,"column":12},"end":{"line":108,"column":44}},"49":{"start":{"line":109,"column":12},"end":{"line":109,"column":25}},"50":{"start":{"line":111,"column":12},"end":{"line":111,"column":42}},"51":{"start":{"line":112,"column":12},"end":{"line":114,"column":20}},"52":{"start":{"line":113,"column":16},"end":{"line":113,"column":37}},"53":{"start":{"line":118,"column":22},"end":{"line":123,"column":5}},"54":{"start":{"line":119,"column":8},"end":{"line":122,"column":20}},"55":{"start":{"line":125,"column":22},"end":{"line":137,"column":7}},"56":{"start":{"line":125,"column":28},"end":{"line":137,"column":7}},"57":{"start":{"line":139,"column":4},"end":{"line":159,"column":5}},"58":{"start":{"line":150,"column":39},"end":{"line":150,"column":59}}},"fnMap":{"0":{"name":"(anonymous_0)","decl":{"start":{"line":13,"column":15},"end":{"line":13,"column":16}},"loc":{"start":{"line":13,"column":21},"end":{"line":26,"column":1}},"line":13},"1":{"name":"(anonymous_1)","decl":{"start":{"line":28,"column":12},"end":{"line":28,"column":13}},"loc":{"start":{"line":28,"column":18},"end":{"line":160,"column":1}},"line":28},"2":{"name":"(anonymous_2)","decl":{"start":{"line":36,"column":14},"end":{"line":36,"column":15}},"loc":{"start":{"line":36,"column":20},"end":{"line":42,"column":5}},"line":36},"3":{"name":"(anonymous_3)","decl":{"start":{"line":39,"column":18},"end":{"line":39,"column":19}},"loc":{"start":{"line":39,"column":32},"end":{"line":41,"column":13}},"line":39},"4":{"name":"(anonymous_4)","decl":{"start":{"line":44,"column":14},"end":{"line":44,"column":15}},"loc":{"start":{"line":44,"column":20},"end":{"line":51,"column":5}},"line":44},"5":{"name":"(anonymous_5)","decl":{"start":{"line":53,"column":31},"end":{"line":53,"column":32}},"loc":{"start":{"line":53,"column":37},"end":{"line":72,"column":5}},"line":53},"6":{"name":"(anonymous_6)","decl":{"start":{"line":55,"column":32},"end":{"line":55,"column":33}},"loc":{"start":{"line":55,"column":37},"end":{"line":55,"column":48}},"line":55},"7":{"name":"(anonymous_7)","decl":{"start":{"line":60,"column":18},"end":{"line":60,"column":19}},"loc":{"start":{"line":60,"column":43},"end":{"line":64,"column":13}},"line":60},"8":{"name":"(anonymous_8)","decl":{"start":{"line":62,"column":25},"end":{"line":62,"column":26}},"loc":{"start":{"line":62,"column":33},"end":{"line":62,"column":78}},"line":62},"9":{"name":"(anonymous_9)","decl":{"start":{"line":65,"column":19},"end":{"line":65,"column":20}},"loc":{"start":{"line":65,"column":25},"end":{"line":71,"column":13}},"line":65},"10":{"name":"(anonymous_10)","decl":{"start":{"line":67,"column":27},"end":{"line":67,"column":28}},"loc":{"start":{"line":67,"column":33},"end":{"line":69,"column":17}},"line":67},"11":{"name":"(anonymous_11)","decl":{"start":{"line":70,"column":38},"end":{"line":70,"column":39}},"loc":{"start":{"line":70,"column":46},"end":{"line":70,"column":60}},"line":70},"12":{"name":"(anonymous_12)","decl":{"start":{"line":76,"column":23},"end":{"line":76,"column":24}},"loc":{"start":{"line":76,"column":31},"end":{"line":76,"column":45}},"line":76},"13":{"name":"(anonymous_13)","decl":{"start":{"line":78,"column":17},"end":{"line":78,"column":18}},"loc":{"start":{"line":78,"column":23},"end":{"line":84,"column":5}},"line":78},"14":{"name":"(anonymous_14)","decl":{"start":{"line":78,"column":39},"end":{"line":78,"column":40}},"loc":{"start":{"line":79,"column":8},"end":{"line":83,"column":10}},"line":79},"15":{"name":"(anonymous_15)","decl":{"start":{"line":82,"column":30},"end":{"line":82,"column":31}},"loc":{"start":{"line":82,"column":36},"end":{"line":82,"column":63}},"line":82},"16":{"name":"(anonymous_16)","decl":{"start":{"line":86,"column":23},"end":{"line":86,"column":24}},"loc":{"start":{"line":86,"column":39},"end":{"line":93,"column":5}},"line":86},"17":{"name":"(anonymous_17)","decl":{"start":{"line":90,"column":18},"end":{"line":90,"column":19}},"loc":{"start":{"line":90,"column":33},"end":{"line":92,"column":13}},"line":90},"18":{"name":"(anonymous_18)","decl":{"start":{"line":95,"column":25},"end":{"line":95,"column":26}},"loc":{"start":{"line":95,"column":31},"end":{"line":98,"column":5}},"line":95},"19":{"name":"(anonymous_19)","decl":{"start":{"line":100,"column":24},"end":{"line":100,"column":25}},"loc":{"start":{"line":100,"column":54},"end":{"line":116,"column":5}},"line":100},"20":{"name":"(anonymous_20)","decl":{"start":{"line":112,"column":23},"end":{"line":112,"column":24}},"loc":{"start":{"line":112,"column":29},"end":{"line":114,"column":13}},"line":112},"21":{"name":"(anonymous_21)","decl":{"start":{"line":118,"column":22},"end":{"line":118,"column":23}},"loc":{"start":{"line":118,"column":28},"end":{"line":123,"column":5}},"line":118},"22":{"name":"(anonymous_22)","decl":{"start":{"line":125,"column":22},"end":{"line":125,"column":23}},"loc":{"start":{"line":125,"column":28},"end":{"line":137,"column":7}},"line":125},"23":{"name":"(anonymous_23)","decl":{"start":{"line":150,"column":33},"end":{"line":150,"column":34}},"loc":{"start":{"line":150,"column":39},"end":{"line":150,"column":59}},"line":150}},"branchMap":{"0":{"loc":{"start":{"line":46,"column":8},"end":{"line":50,"column":9}},"type":"if","locations":[{"start":{"line":46,"column":8},"end":{"line":50,"column":9}},{"start":{},"end":{}}],"line":46},"1":{"loc":{"start":{"line":62,"column":33},"end":{"line":62,"column":78}},"type":"cond-expr","locations":[{"start":{"line":62,"column":50},"end":{"line":62,"column":54}},{"start":{"line":62,"column":57},"end":{"line":62,"column":78}}],"line":62},"2":{"loc":{"start":{"line":74,"column":24},"end":{"line":76,"column":46}},"type":"cond-expr","locations":[{"start":{"line":75,"column":10},"end":{"line":75,"column":15}},{"start":{"line":76,"column":10},"end":{"line":76,"column":46}}],"line":74},"3":{"loc":{"start":{"line":145,"column":13},"end":{"line":145,"column":32}},"type":"binary-expr","locations":[{"start":{"line":145,"column":13},"end":{"line":145,"column":17}},{"start":{"line":145,"column":21},"end":{"line":145,"column":32}}],"line":145},"4":{"loc":{"start":{"line":147,"column":13},"end":{"line":147,"column":33}},"type":"binary-expr","locations":[{"start":{"line":147,"column":13},"end":{"line":147,"column":18}},{"start":{"line":147,"column":22},"end":{"line":147,"column":33}}],"line":147},"5":{"loc":{"start":{"line":151,"column":16},"end":{"line":151,"column":45}},"type":"cond-expr","locations":[{"start":{"line":151,"column":26},"end":{"line":151,"column":37}},{"start":{"line":151,"column":40},"end":{"line":151,"column":45}}],"line":151}},"s":{"0":0,"1":0,"2":0,"3":0,"4":0,"5":0,"6":0,"7":0,"8":0,"9":0,"10":0,"11":0,"12":0,"13":0,"14":0,"15":0,"16":0,"17":0,"18":0,"19":0,"20":0,"21":0,"22":0,"23":0,"24":0,"25":0,"26":0,"27":0,"28":0,"29":0,"30":0,"31":0,"32":0,"33":0,"34":0,"35":0,"36":0,"37":0,"38":0,"39":0,"40":0,"41":0,"42":0,"43":0,"44":0,"45":0,"46":0,"47":0,"48":0,"49":0,"50":0,"51":0,"52":0,"53":0,"54":0,"55":0,"56":0,"57":0,"58":0},"f":{"0":0,"1":0,"2":0,"3":0,"4":0,"5":0,"6":0,"7":0,"8":0,"9":0,"10":0,"11":0,"12":0,"13":0,"14":0,"15":0,"16":0,"17":0,"18":0,"19":0,"20":0,"21":0,"22":0,"23":0},"b":{"0":[0,0],"1":[0,0],"2":[0,0],"3":[0,0],"4":[0,0],"5":[0,0]}}
,"/Users/mukavait/CodeLearning/full-stack-open/osa2/notes/src/index.js": {"path":"/Users/mukavait/CodeLearning/full-stack-open/osa2/notes/src/index.js","statementMap":{"0":{"start":{"line":6,"column":0},"end":{"line":6,"column":59}}},"fnMap":{},"branchMap":{},"s":{"0":0},"f":{},"b":{}}
,"/Users/mukavait/CodeLearning/full-stack-open/osa2/notes/src/components/LoginForm.js": {"path":"/Users/mukavait/CodeLearning/full-stack-open/osa2/notes/src/components/LoginForm.js","statementMap":{"0":{"start":{"line":4,"column":18},"end":{"line":47,"column":1}},"1":{"start":{"line":6,"column":36},"end":{"line":6,"column":48}},"2":{"start":{"line":7,"column":36},"end":{"line":7,"column":48}},"3":{"start":{"line":9,"column":33},"end":{"line":11,"column":5}},"4":{"start":{"line":10,"column":8},"end":{"line":10,"column":25}},"5":{"start":{"line":13,"column":33},"end":{"line":15,"column":5}},"6":{"start":{"line":14,"column":8},"end":{"line":14,"column":25}},"7":{"start":{"line":17,"column":27},"end":{"line":22,"column":5}},"8":{"start":{"line":18,"column":8},"end":{"line":18,"column":30}},"9":{"start":{"line":19,"column":8},"end":{"line":19,"column":39}},"10":{"start":{"line":20,"column":8},"end":{"line":20,"column":23}},"11":{"start":{"line":21,"column":8},"end":{"line":21,"column":23}},"12":{"start":{"line":24,"column":4},"end":{"line":46,"column":5}},"13":{"start":{"line":32,"column":46},"end":{"line":32,"column":80}},"14":{"start":{"line":41,"column":46},"end":{"line":41,"column":80}},"15":{"start":{"line":49,"column":0},"end":{"line":51,"column":1}}},"fnMap":{"0":{"name":"(anonymous_0)","decl":{"start":{"line":4,"column":18},"end":{"line":4,"column":19}},"loc":{"start":{"line":4,"column":39},"end":{"line":47,"column":1}},"line":4},"1":{"name":"(anonymous_1)","decl":{"start":{"line":9,"column":33},"end":{"line":9,"column":34}},"loc":{"start":{"line":9,"column":43},"end":{"line":11,"column":5}},"line":9},"2":{"name":"(anonymous_2)","decl":{"start":{"line":13,"column":33},"end":{"line":13,"column":34}},"loc":{"start":{"line":13,"column":43},"end":{"line":15,"column":5}},"line":13},"3":{"name":"(anonymous_3)","decl":{"start":{"line":17,"column":27},"end":{"line":17,"column":28}},"loc":{"start":{"line":17,"column":38},"end":{"line":22,"column":5}},"line":17},"4":{"name":"(anonymous_4)","decl":{"start":{"line":32,"column":30},"end":{"line":32,"column":31}},"loc":{"start":{"line":32,"column":46},"end":{"line":32,"column":80}},"line":32},"5":{"name":"(anonymous_5)","decl":{"start":{"line":41,"column":30},"end":{"line":41,"column":31}},"loc":{"start":{"line":41,"column":46},"end":{"line":41,"column":80}},"line":41}},"branchMap":{},"s":{"0":0,"1":0,"2":0,"3":0,"4":0,"5":0,"6":0,"7":0,"8":0,"9":0,"10":0,"11":0,"12":0,"13":0,"14":0,"15":0},"f":{"0":0,"1":0,"2":0,"3":0,"4":0,"5":0},"b":{}}
,"/Users/mukavait/CodeLearning/full-stack-open/osa2/notes/src/components/Note.js": {"path":"/Users/mukavait/CodeLearning/full-stack-open/osa2/notes/src/components/Note.js","statementMap":{"0":{"start":{"line":3,"column":13},"end":{"line":11,"column":1}},"1":{"start":{"line":4,"column":18},"end":{"line":4,"column":74}},"2":{"start":{"line":5,"column":4},"end":{"line":10,"column":5}}},"fnMap":{"0":{"name":"(anonymous_0)","decl":{"start":{"line":3,"column":13},"end":{"line":3,"column":14}},"loc":{"start":{"line":3,"column":45},"end":{"line":11,"column":1}},"line":3}},"branchMap":{"0":{"loc":{"start":{"line":4,"column":18},"end":{"line":4,"column":74}},"type":"cond-expr","locations":[{"start":{"line":4,"column":35},"end":{"line":4,"column":55}},{"start":{"line":4,"column":58},"end":{"line":4,"column":74}}],"line":4}},"s":{"0":1,"1":2,"2":2},"f":{"0":2},"b":{"0":[2,0]},"_coverageSchema":"1a1c01bbd47fc00a2c39e90264f33305004495a9","hash":"142063b6b1d48ca3350790c52173dbb865c8232c"}
,"/Users/mukavait/CodeLearning/full-stack-open/osa2/notes/src/components/NoteForm.js": {"path":"/Users/mukavait/CodeLearning/full-stack-open/osa2/notes/src/components/NoteForm.js","statementMap":{"0":{"start":{"line":3,"column":17},"end":{"line":33,"column":1}},"1":{"start":{"line":5,"column":34},"end":{"line":5,"column":46}},"2":{"start":{"line":7,"column":29},"end":{"line":9,"column":5}},"3":{"start":{"line":8,"column":8},"end":{"line":8,"column":38}},"4":{"start":{"line":11,"column":20},"end":{"line":19,"column":5}},"5":{"start":{"line":12,"column":8},"end":{"line":12,"column":30}},"6":{"start":{"line":13,"column":8},"end":{"line":17,"column":10}},"7":{"start":{"line":18,"column":8},"end":{"line":18,"column":22}},"8":{"start":{"line":21,"column":4},"end":{"line":32,"column":7}}},"fnMap":{"0":{"name":"(anonymous_0)","decl":{"start":{"line":3,"column":17},"end":{"line":3,"column":18}},"loc":{"start":{"line":3,"column":37},"end":{"line":33,"column":1}},"line":3},"1":{"name":"(anonymous_1)","decl":{"start":{"line":7,"column":29},"end":{"line":7,"column":30}},"loc":{"start":{"line":7,"column":40},"end":{"line":9,"column":5}},"line":7},"2":{"name":"(anonymous_2)","decl":{"start":{"line":11,"column":20},"end":{"line":11,"column":21}},"loc":{"start":{"line":11,"column":31},"end":{"line":19,"column":5}},"line":11}},"branchMap":{},"s":{"0":1,"1":19,"2":19,"3":17,"4":19,"5":1,"6":1,"7":1,"8":19},"f":{"0":19,"1":17,"2":1},"b":{},"_coverageSchema":"1a1c01bbd47fc00a2c39e90264f33305004495a9","hash":"58ef590efe950212e1bfb010bcc56f5c099d6501"}
,"/Users/mukavait/CodeLearning/full-stack-open/osa2/notes/src/components/Notification.js": {"path":"/Users/mukavait/CodeLearning/full-stack-open/osa2/notes/src/components/Notification.js","statementMap":{"0":{"start":{"line":4,"column":21},"end":{"line":13,"column":1}},"1":{"start":{"line":6,"column":4},"end":{"line":6,"column":37}},"2":{"start":{"line":6,"column":26},"end":{"line":6,"column":37}},"3":{"start":{"line":8,"column":4},"end":{"line":12,"column":5}},"4":{"start":{"line":15,"column":0},"end":{"line":17,"column":1}},"5":{"start":{"line":19,"column":0},"end":{"line":21,"column":1}}},"fnMap":{"0":{"name":"(anonymous_0)","decl":{"start":{"line":4,"column":21},"end":{"line":4,"column":22}},"loc":{"start":{"line":4,"column":38},"end":{"line":13,"column":1}},"line":4}},"branchMap":{"0":{"loc":{"start":{"line":6,"column":4},"end":{"line":6,"column":37}},"type":"if","locations":[{"start":{"line":6,"column":4},"end":{"line":6,"column":37}},{"start":{},"end":{}}],"line":6}},"s":{"0":0,"1":0,"2":0,"3":0,"4":0,"5":0},"f":{"0":0},"b":{"0":[0,0]}}
,"/Users/mukavait/CodeLearning/full-stack-open/osa2/notes/src/components/Togglable.js": {"path":"/Users/mukavait/CodeLearning/full-stack-open/osa2/notes/src/components/Togglable.js","statementMap":{"0":{"start":{"line":4,"column":18},"end":{"line":24,"column":2}},"1":{"start":{"line":5,"column":34},"end":{"line":5,"column":49}},"2":{"start":{"line":7,"column":26},"end":{"line":7,"column":52}},"3":{"start":{"line":7,"column":32},"end":{"line":7,"column":52}},"4":{"start":{"line":9,"column":4},"end":{"line":13,"column":6}},"5":{"start":{"line":10,"column":8},"end":{"line":12,"column":9}},"6":{"start":{"line":15,"column":4},"end":{"line":23,"column":7}},"7":{"start":{"line":26,"column":0},"end":{"line":28,"column":1}},"8":{"start":{"line":30,"column":0},"end":{"line":30,"column":35}}},"fnMap":{"0":{"name":"(anonymous_0)","decl":{"start":{"line":4,"column":29},"end":{"line":4,"column":30}},"loc":{"start":{"line":4,"column":65},"end":{"line":24,"column":1}},"line":4},"1":{"name":"(anonymous_1)","decl":{"start":{"line":7,"column":26},"end":{"line":7,"column":27}},"loc":{"start":{"line":7,"column":32},"end":{"line":7,"column":52}},"line":7},"2":{"name":"(anonymous_2)","decl":{"start":{"line":9,"column":29},"end":{"line":9,"column":30}},"loc":{"start":{"line":9,"column":35},"end":{"line":13,"column":5}},"line":9}},"branchMap":{"0":{"loc":{"start":{"line":16,"column":24},"end":{"line":16,"column":54}},"type":"cond-expr","locations":[{"start":{"line":16,"column":35},"end":{"line":16,"column":43}},{"start":{"line":16,"column":46},"end":{"line":16,"column":54}}],"line":16},"1":{"loc":{"start":{"line":19,"column":24},"end":{"line":19,"column":87}},"type":"cond-expr","locations":[{"start":{"line":19,"column":34},"end":{"line":19,"column":59}},{"start":{"line":19,"column":62},"end":{"line":19,"column":87}}],"line":19}},"s":{"0":1,"1":7,"2":7,"3":3,"4":7,"5":0,"6":7,"7":1,"8":1},"f":{"0":7,"1":3,"2":0},"b":{"0":[5,2],"1":[2,5]},"_coverageSchema":"1a1c01bbd47fc00a2c39e90264f33305004495a9","hash":"039de371e39a41c56a4b0331cdc8e9a9372a0d71"}
,"/Users/mukavait/CodeLearning/full-stack-open/osa2/notes/src/services/login.js": {"path":"/Users/mukavait/CodeLearning/full-stack-open/osa2/notes/src/services/login.js","statementMap":{"0":{"start":{"line":2,"column":16},"end":{"line":2,"column":28}},"1":{"start":{"line":4,"column":14},"end":{"line":7,"column":1}},"2":{"start":{"line":5,"column":17},"end":{"line":5,"column":55}},"3":{"start":{"line":6,"column":4},"end":{"line":6,"column":20}},"4":{"start":{"line":9,"column":21},"end":{"line":9,"column":30}}},"fnMap":{"0":{"name":"(anonymous_0)","decl":{"start":{"line":4,"column":14},"end":{"line":4,"column":15}},"loc":{"start":{"line":4,"column":35},"end":{"line":7,"column":1}},"line":4}},"branchMap":{},"s":{"0":0,"1":0,"2":0,"3":0,"4":0},"f":{"0":0},"b":{}}
,"/Users/mukavait/CodeLearning/full-stack-open/osa2/notes/src/services/notes.js": {"path":"/Users/mukavait/CodeLearning/full-stack-open/osa2/notes/src/services/notes.js","statementMap":{"0":{"start":{"line":3,"column":16},"end":{"line":3,"column":28}},"1":{"start":{"line":5,"column":12},"end":{"line":5,"column":16}},"2":{"start":{"line":7,"column":17},"end":{"line":9,"column":1}},"3":{"start":{"line":8,"column":4},"end":{"line":8,"column":32}},"4":{"start":{"line":11,"column":15},"end":{"line":15,"column":1}},"5":{"start":{"line":12,"column":4},"end":{"line":14,"column":32}},"6":{"start":{"line":14,"column":22},"end":{"line":14,"column":31}},"7":{"start":{"line":17,"column":15},"end":{"line":25,"column":1}},"8":{"start":{"line":18,"column":19},"end":{"line":20,"column":5}},"9":{"start":{"line":22,"column":4},"end":{"line":24,"column":32}},"10":{"start":{"line":24,"column":22},"end":{"line":24,"column":31}},"11":{"start":{"line":27,"column":15},"end":{"line":31,"column":1}},"12":{"start":{"line":28,"column":4},"end":{"line":30,"column":32}},"13":{"start":{"line":30,"column":22},"end":{"line":30,"column":31}},"14":{"start":{"line":33,"column":21},"end":{"line":38,"column":1}}},"fnMap":{"0":{"name":"(anonymous_0)","decl":{"start":{"line":7,"column":17},"end":{"line":7,"column":18}},"loc":{"start":{"line":7,"column":29},"end":{"line":9,"column":1}},"line":7},"1":{"name":"(anonymous_1)","decl":{"start":{"line":11,"column":15},"end":{"line":11,"column":16}},"loc":{"start":{"line":11,"column":21},"end":{"line":15,"column":1}},"line":11},"2":{"name":"(anonymous_2)","decl":{"start":{"line":14,"column":14},"end":{"line":14,"column":15}},"loc":{"start":{"line":14,"column":22},"end":{"line":14,"column":31}},"line":14},"3":{"name":"(anonymous_3)","decl":{"start":{"line":17,"column":15},"end":{"line":17,"column":16}},"loc":{"start":{"line":17,"column":28},"end":{"line":25,"column":1}},"line":17},"4":{"name":"(anonymous_4)","decl":{"start":{"line":24,"column":14},"end":{"line":24,"column":15}},"loc":{"start":{"line":24,"column":22},"end":{"line":24,"column":31}},"line":24},"5":{"name":"(anonymous_5)","decl":{"start":{"line":27,"column":15},"end":{"line":27,"column":16}},"loc":{"start":{"line":27,"column":34},"end":{"line":31,"column":1}},"line":27},"6":{"name":"(anonymous_6)","decl":{"start":{"line":30,"column":14},"end":{"line":30,"column":15}},"loc":{"start":{"line":30,"column":22},"end":{"line":30,"column":31}},"line":30}},"branchMap":{},"s":{"0":0,"1":0,"2":0,"3":0,"4":0,"5":0,"6":0,"7":0,"8":0,"9":0,"10":0,"11":0,"12":0,"13":0,"14":0},"f":{"0":0,"1":0,"2":0,"3":0,"4":0,"5":0,"6":0},"b":{}}
}
